[debug] [2026-01-28T05:53:50.132Z] ----------------------------------------------------------------------
[debug] [2026-01-28T05:53:50.135Z] Command:       /usr/local/nvm/versions/node/v24.13.0/bin/node /usr/local/node_packages/node_modules/.bin/firebase deploy --only functions
[debug] [2026-01-28T05:53:50.135Z] CLI Version:   14.26.0
[debug] [2026-01-28T05:53:50.136Z] Platform:      linux
[debug] [2026-01-28T05:53:50.136Z] Node Version:  v24.13.0
[debug] [2026-01-28T05:53:50.136Z] Time:          Wed Jan 28 2026 05:53:50 GMT+0000 (Coordinated Universal Time)
[debug] [2026-01-28T05:53:50.136Z] ----------------------------------------------------------------------
[debug] 
[debug] [2026-01-28T05:53:50.478Z] > command requires scopes: ["email","openid","https://www.googleapis.com/auth/cloudplatformprojects.readonly","https://www.googleapis.com/auth/firebase","https://www.googleapis.com/auth/cloud-platform"]
[debug] [2026-01-28T05:53:50.479Z] > authorizing via signed-in user (tonycho999@gmail.com)
[debug] [2026-01-28T05:53:50.480Z] [iam] checking project news-efc4a for permissions ["cloudfunctions.functions.create","cloudfunctions.functions.delete","cloudfunctions.functions.get","cloudfunctions.functions.list","cloudfunctions.functions.update","cloudfunctions.operations.get","firebase.projects.get"]
[debug] [2026-01-28T05:53:50.482Z] Checked if tokens are valid: true, expires at: 1769582224372
[debug] [2026-01-28T05:53:50.482Z] Checked if tokens are valid: true, expires at: 1769582224372
[debug] [2026-01-28T05:53:50.485Z] >>> [apiv2][query] POST https://cloudresourcemanager.googleapis.com/v1/projects/news-efc4a:testIamPermissions [none]
[debug] [2026-01-28T05:53:50.485Z] >>> [apiv2][(partial)header] POST https://cloudresourcemanager.googleapis.com/v1/projects/news-efc4a:testIamPermissions x-goog-quota-user=projects/news-efc4a
[debug] [2026-01-28T05:53:50.485Z] >>> [apiv2][body] POST https://cloudresourcemanager.googleapis.com/v1/projects/news-efc4a:testIamPermissions {"permissions":["cloudfunctions.functions.create","cloudfunctions.functions.delete","cloudfunctions.functions.get","cloudfunctions.functions.list","cloudfunctions.functions.update","cloudfunctions.operations.get","firebase.projects.get"]}
[debug] [2026-01-28T05:53:51.306Z] <<< [apiv2][status] POST https://cloudresourcemanager.googleapis.com/v1/projects/news-efc4a:testIamPermissions 200
[debug] [2026-01-28T05:53:51.306Z] <<< [apiv2][body] POST https://cloudresourcemanager.googleapis.com/v1/projects/news-efc4a:testIamPermissions {"permissions":["cloudfunctions.functions.create","cloudfunctions.functions.delete","cloudfunctions.functions.get","cloudfunctions.functions.list","cloudfunctions.functions.update","cloudfunctions.operations.get","firebase.projects.get"]}
[debug] [2026-01-28T05:53:51.306Z] Checked if tokens are valid: true, expires at: 1769582224372
[debug] [2026-01-28T05:53:51.307Z] Checked if tokens are valid: true, expires at: 1769582224372
[debug] [2026-01-28T05:53:51.307Z] >>> [apiv2][query] POST https://iam.googleapis.com/v1/projects/news-efc4a/serviceAccounts/news-efc4a@appspot.gserviceaccount.com:testIamPermissions [none]
[debug] [2026-01-28T05:53:51.307Z] >>> [apiv2][body] POST https://iam.googleapis.com/v1/projects/news-efc4a/serviceAccounts/news-efc4a@appspot.gserviceaccount.com:testIamPermissions {"permissions":["iam.serviceAccounts.actAs"]}
[debug] [2026-01-28T05:53:52.310Z] <<< [apiv2][status] POST https://iam.googleapis.com/v1/projects/news-efc4a/serviceAccounts/news-efc4a@appspot.gserviceaccount.com:testIamPermissions 200
[debug] [2026-01-28T05:53:52.310Z] <<< [apiv2][body] POST https://iam.googleapis.com/v1/projects/news-efc4a/serviceAccounts/news-efc4a@appspot.gserviceaccount.com:testIamPermissions {"permissions":["iam.serviceAccounts.actAs"]}
[info] 
[info] === Deploying to 'news-efc4a'...
[info] 
[info] i  deploying functions 
[debug] [2026-01-28T05:53:52.314Z] Checked if tokens are valid: true, expires at: 1769582224372
[debug] [2026-01-28T05:53:52.315Z] Checked if tokens are valid: true, expires at: 1769582224372
[debug] [2026-01-28T05:53:52.315Z] >>> [apiv2][query] GET https://cloudresourcemanager.googleapis.com/v1/projects/news-efc4a [none]
[debug] [2026-01-28T05:53:52.521Z] <<< [apiv2][status] GET https://cloudresourcemanager.googleapis.com/v1/projects/news-efc4a 200
[debug] [2026-01-28T05:53:52.521Z] <<< [apiv2][body] GET https://cloudresourcemanager.googleapis.com/v1/projects/news-efc4a {"projectNumber":"717438175301","projectId":"news-efc4a","lifecycleState":"ACTIVE","name":"news","labels":{"firebase":"enabled","firebase-core":"disabled"},"createTime":"2026-01-28T04:11:34.130771Z"}
[info] i  functions: preparing codebase default for deployment 
[info] i  functions: ensuring required API cloudfunctions.googleapis.com is enabled... 
[info] i  functions: ensuring required API cloudbuild.googleapis.com is enabled... 
[info] i  artifactregistry: ensuring required API artifactregistry.googleapis.com is enabled... 
[debug] [2026-01-28T05:53:52.524Z] Checked if tokens are valid: true, expires at: 1769582224372
[debug] [2026-01-28T05:53:52.524Z] Checked if tokens are valid: true, expires at: 1769582224372
[debug] [2026-01-28T05:53:52.524Z] >>> [apiv2][query] GET https://firebase.googleapis.com/v1beta1/projects/news-efc4a/adminSdkConfig [none]
[debug] [2026-01-28T05:53:52.758Z] <<< [apiv2][status] GET https://firebase.googleapis.com/v1beta1/projects/news-efc4a/adminSdkConfig 200
[debug] [2026-01-28T05:53:52.758Z] <<< [apiv2][body] GET https://firebase.googleapis.com/v1beta1/projects/news-efc4a/adminSdkConfig {"projectId":"news-efc4a","storageBucket":"news-efc4a.firebasestorage.app"}
[debug] [2026-01-28T05:53:52.759Z] Checked if tokens are valid: true, expires at: 1769582224372
[debug] [2026-01-28T05:53:52.759Z] Checked if tokens are valid: true, expires at: 1769582224372
[debug] [2026-01-28T05:53:52.759Z] >>> [apiv2][query] GET https://runtimeconfig.googleapis.com/v1beta1/projects/news-efc4a/configs [none]
[debug] [2026-01-28T05:53:53.035Z] <<< [apiv2][status] GET https://runtimeconfig.googleapis.com/v1beta1/projects/news-efc4a/configs 200
[debug] [2026-01-28T05:53:53.036Z] <<< [apiv2][body] GET https://runtimeconfig.googleapis.com/v1beta1/projects/news-efc4a/configs {}
[debug] [2026-01-28T05:53:53.037Z] Validating nodejs source
[warn] ⚠  functions: package.json indicates an outdated version of firebase-functions. Please upgrade using npm install --save firebase-functions@latest in your functions directory. 
[warn] ⚠  functions: Please note that there will be breaking changes when you upgrade. 
[debug] [2026-01-28T05:53:53.646Z] > [functions] package.json contents: {
  "name": "functions",
  "description": "Cloud Functions for Firebase",
  "engines": {
    "node": "22"
  },
  "dependencies": {
    "firebase-admin": "^11.0.0",
    "firebase-functions": "^4.0.0"
  },
  "private": true
}
[debug] [2026-01-28T05:53:53.646Z] Building nodejs source
[info] i  functions: Loading and analyzing source code for codebase default to determine what to deploy 
[info] i  functions: You are using a version of firebase-functions SDK (4.9.0) that does not have support for the newest Firebase Extensions features. Please update firebase-functions SDK to >=5.1.0 to use them correctly 
[debug] [2026-01-28T05:53:53.649Z] Could not find functions.yaml. Must use http discovery
[debug] [2026-01-28T05:53:53.654Z] Found firebase-functions binary at '/home/tonycho999/news-app/functions/node_modules/.bin/firebase-functions'
[info] Serving at port 8369

[debug] [2026-01-28T05:53:54.073Z] Got response from /__/functions.yaml {"endpoints":{"createJournalistAccount":{"platform":"gcfv1","labels":{},"availableMemoryMb":null,"timeoutSeconds":null,"minInstances":null,"maxInstances":null,"ingressSettings":null,"serviceAccountEmail":null,"vpc":null,"callableTrigger":{},"entryPoint":"createJournalistAccount"}},"specVersion":"v1alpha1","requiredAPIs":[]}
[info] i  functions: preparing functions directory for uploading... 
[info] i  functions: packaged /home/tonycho999/news-app/functions (36.62 KB) for uploading 
[debug] [2026-01-28T05:53:58.149Z] Checked if tokens are valid: true, expires at: 1769582224372
[debug] [2026-01-28T05:53:58.149Z] Checked if tokens are valid: true, expires at: 1769582224372
[debug] [2026-01-28T05:53:58.150Z] >>> [apiv2][query] GET https://cloudfunctions.googleapis.com/v1/projects/news-efc4a/locations/-/functions [none]
[debug] [2026-01-28T05:53:58.884Z] <<< [apiv2][status] GET https://cloudfunctions.googleapis.com/v1/projects/news-efc4a/locations/-/functions 200
[debug] [2026-01-28T05:53:58.884Z] <<< [apiv2][body] GET https://cloudfunctions.googleapis.com/v1/projects/news-efc4a/locations/-/functions {}
[debug] [2026-01-28T05:53:58.885Z] Checked if tokens are valid: true, expires at: 1769582224372
[debug] [2026-01-28T05:53:58.885Z] Checked if tokens are valid: true, expires at: 1769582224372
[debug] [2026-01-28T05:53:58.885Z] >>> [apiv2][query] GET https://cloudfunctions.googleapis.com/v2/projects/news-efc4a/locations/-/functions filter=environment%3D%22GEN_2%22
[debug] [2026-01-28T05:54:00.150Z] <<< [apiv2][status] GET https://cloudfunctions.googleapis.com/v2/projects/news-efc4a/locations/-/functions 200
[debug] [2026-01-28T05:54:00.150Z] <<< [apiv2][body] GET https://cloudfunctions.googleapis.com/v2/projects/news-efc4a/locations/-/functions {}
[debug] [2026-01-28T05:54:00.155Z] Checked if tokens are valid: true, expires at: 1769582224372
[debug] [2026-01-28T05:54:00.155Z] Checked if tokens are valid: true, expires at: 1769582224372
[debug] [2026-01-28T05:54:00.155Z] >>> [apiv2][query] GET https://cloudresourcemanager.googleapis.com/v1/projects/news-efc4a [none]
[debug] [2026-01-28T05:54:00.955Z] <<< [apiv2][status] GET https://cloudresourcemanager.googleapis.com/v1/projects/news-efc4a 200
[debug] [2026-01-28T05:54:00.955Z] <<< [apiv2][body] GET https://cloudresourcemanager.googleapis.com/v1/projects/news-efc4a {"projectNumber":"717438175301","projectId":"news-efc4a","lifecycleState":"ACTIVE","name":"news","labels":{"firebase":"enabled","firebase-core":"disabled"},"createTime":"2026-01-28T04:11:34.130771Z"}
[debug] [2026-01-28T05:54:00.957Z] Checked if tokens are valid: true, expires at: 1769582224372
[debug] [2026-01-28T05:54:00.957Z] Checked if tokens are valid: true, expires at: 1769582224372
[debug] [2026-01-28T05:54:00.957Z] >>> [apiv2][query] POST https://cloudfunctions.googleapis.com/v1/projects/news-efc4a/locations/us-central1/functions:generateUploadUrl [none]
[debug] [2026-01-28T05:54:00.957Z] >>> [apiv2][body] POST https://cloudfunctions.googleapis.com/v1/projects/news-efc4a/locations/us-central1/functions:generateUploadUrl {}
[debug] [2026-01-28T05:54:11.552Z] <<< [apiv2][status] POST https://cloudfunctions.googleapis.com/v1/projects/news-efc4a/locations/us-central1/functions:generateUploadUrl 200
[debug] [2026-01-28T05:54:11.552Z] <<< [apiv2][body] POST https://cloudfunctions.googleapis.com/v1/projects/news-efc4a/locations/us-central1/functions:generateUploadUrl {"uploadUrl":"https://storage.googleapis.com/uploads-37601670339.us-central1.cloudfunctions.appspot.com/1aa56907-a25e-47bb-a9d9-4a47336167df.zip?GoogleAccessId=service-717438175301@gcf-admin-robot.iam.gserviceaccount.com&Expires=1769581451&Signature=k3QVvK0d6w0fVWrMbUOsYPWnOx%2BHdsM9pWFPrIHDGXEwGRezPou62TSz1uDSCFtwav2sI%2B69SH40pmW2%2BqPaOW2d6t%2BWoY63VIt5QwPGN8Q1l2gStmgsMzbFvveaDSe8tQtkXem3KixPpjN%2FiipWLyvMHfjfa%2F4EETuVWtROON9VjRsqW4U0hmV%2B2sYkZchRYcdGUmqSLEaZlyE4Xm9KO9f%2Fi61OT2jtXFp%2FmTZBKyWbmDac0%2BXgOR3g93rX4O5QOor2HWFi93CEYFQ0C6uPZj%2BbQ11SzQncrtiKQ3V4ksOKHMpIk5XTCSUi3ovtb%2FrTTHl%2BE3H75xBFnNLEKbeTBg%3D%3D"}
[warn] ⚠  functions: GOOGLE_CLOUD_QUOTA_PROJECT is not usable when uploading source for Cloud Functions. 
[debug] [2026-01-28T05:54:11.554Z] >>> [apiv2][query] PUT https://storage.googleapis.com/uploads-37601670339.us-central1.cloudfunctions.appspot.com/1aa56907-a25e-47bb-a9d9-4a47336167df.zip GoogleAccessId=service-717438175301%40gcf-admin-robot.iam.gserviceaccount.com&Expires=1769581451&Signature=k3QVvK0d6w0fVWrMbUOsYPWnOx%2BHdsM9pWFPrIHDGXEwGRezPou62TSz1uDSCFtwav2sI%2B69SH40pmW2%2BqPaOW2d6t%2BWoY63VIt5QwPGN8Q1l2gStmgsMzbFvveaDSe8tQtkXem3KixPpjN%2FiipWLyvMHfjfa%2F4EETuVWtROON9VjRsqW4U0hmV%2B2sYkZchRYcdGUmqSLEaZlyE4Xm9KO9f%2Fi61OT2jtXFp%2FmTZBKyWbmDac0%2BXgOR3g93rX4O5QOor2HWFi93CEYFQ0C6uPZj%2BbQ11SzQncrtiKQ3V4ksOKHMpIk5XTCSUi3ovtb%2FrTTHl%2BE3H75xBFnNLEKbeTBg%3D%3D
[debug] [2026-01-28T05:54:11.554Z] >>> [apiv2][body] PUT https://storage.googleapis.com/uploads-37601670339.us-central1.cloudfunctions.appspot.com/1aa56907-a25e-47bb-a9d9-4a47336167df.zip [stream]
[debug] [2026-01-28T05:54:11.898Z] <<< [apiv2][status] PUT https://storage.googleapis.com/uploads-37601670339.us-central1.cloudfunctions.appspot.com/1aa56907-a25e-47bb-a9d9-4a47336167df.zip 200
[debug] [2026-01-28T05:54:11.899Z] <<< [apiv2][body] PUT https://storage.googleapis.com/uploads-37601670339.us-central1.cloudfunctions.appspot.com/1aa56907-a25e-47bb-a9d9-4a47336167df.zip [omitted]
[info] ✔  functions: functions source uploaded successfully 
[info] i  functions: creating Node.js 22 (1st Gen) function createJournalistAccount(us-central1)... 
[debug] [2026-01-28T05:54:11.904Z] Checked if tokens are valid: true, expires at: 1769582224372
[debug] [2026-01-28T05:54:11.904Z] Checked if tokens are valid: true, expires at: 1769582224372
[debug] [2026-01-28T05:54:11.904Z] >>> [apiv2][query] POST https://cloudfunctions.googleapis.com/v1/projects/news-efc4a/locations/us-central1/functions [none]
[debug] [2026-01-28T05:54:11.904Z] >>> [apiv2][body] POST https://cloudfunctions.googleapis.com/v1/projects/news-efc4a/locations/us-central1/functions {"name":"projects/news-efc4a/locations/us-central1/functions/createJournalistAccount","sourceUploadUrl":"https://storage.googleapis.com/uploads-37601670339.us-central1.cloudfunctions.appspot.com/1aa56907-a25e-47bb-a9d9-4a47336167df.zip?GoogleAccessId=service-717438175301@gcf-admin-robot.iam.gserviceaccount.com&Expires=1769581451&Signature=k3QVvK0d6w0fVWrMbUOsYPWnOx%2BHdsM9pWFPrIHDGXEwGRezPou62TSz1uDSCFtwav2sI%2B69SH40pmW2%2BqPaOW2d6t%2BWoY63VIt5QwPGN8Q1l2gStmgsMzbFvveaDSe8tQtkXem3KixPpjN%2FiipWLyvMHfjfa%2F4EETuVWtROON9VjRsqW4U0hmV%2B2sYkZchRYcdGUmqSLEaZlyE4Xm9KO9f%2Fi61OT2jtXFp%2FmTZBKyWbmDac0%2BXgOR3g93rX4O5QOor2HWFi93CEYFQ0C6uPZj%2BbQ11SzQncrtiKQ3V4ksOKHMpIk5XTCSUi3ovtb%2FrTTHl%2BE3H75xBFnNLEKbeTBg%3D%3D","entryPoint":"createJournalistAccount","runtime":"nodejs22","dockerRegistry":"ARTIFACT_REGISTRY","labels":{"deployment-tool":"cli-firebase","deployment-callable":"true","firebase-functions-hash":"613decbd7ff713530525ae525271aa5c1fe95982"},"httpsTrigger":{"securityLevel":"SECURE_ALWAYS"},"minInstances":null,"maxInstances":null,"ingressSettings":null,"environmentVariables":{"FIREBASE_CONFIG":"{\"projectId\":\"news-efc4a\",\"storageBucket\":\"news-efc4a.firebasestorage.app\"}","GCLOUD_PROJECT":"news-efc4a","EVENTARC_CLOUD_EVENT_SOURCE":"projects/news-efc4a/locations/us-central1/functions/createJournalistAccount"},"serviceAccountEmail":null,"availableMemoryMb":null,"timeout":null,"vpcConnector":null,"vpcConnectorEgressSettings":null,"buildEnvironmentVariables":{"GOOGLE_NODE_RUN_SCRIPTS":""}}
[debug] [2026-01-28T05:54:18.502Z] <<< [apiv2][status] POST https://cloudfunctions.googleapis.com/v1/projects/news-efc4a/locations/us-central1/functions 200
[debug] [2026-01-28T05:54:18.502Z] <<< [apiv2][body] POST https://cloudfunctions.googleapis.com/v1/projects/news-efc4a/locations/us-central1/functions {"name":"operations/cHJvamVjdHMvbmV3cy1lZmM0YS9sb2NhdGlvbnMvdXMtY2VudHJhbDEvb3BlcmF0aW9ucy9vcGVyYXRpb24tMTc2OTU3OTY1MjA3NC02NDk2YzVlOTA0YWEyLWUwZWE3NTkxLWVjOGZhMjA4","metadata":{"@type":"type.googleapis.com/google.cloud.functions.v1.OperationMetadataV1","target":"projects/news-efc4a/locations/us-central1/functions/createJournalistAccount","updateTime":"2026-01-28T05:54:18.392961842Z"}}
[debug] [2026-01-28T05:54:18.503Z] Checked if tokens are valid: true, expires at: 1769582224372
[debug] [2026-01-28T05:54:18.503Z] Checked if tokens are valid: true, expires at: 1769582224372
[debug] [2026-01-28T05:54:18.503Z] >>> [apiv2][query] GET https://cloudfunctions.googleapis.com/v1/operations/cHJvamVjdHMvbmV3cy1lZmM0YS9sb2NhdGlvbnMvdXMtY2VudHJhbDEvb3BlcmF0aW9ucy9vcGVyYXRpb24tMTc2OTU3OTY1MjA3NC02NDk2YzVlOTA0YWEyLWUwZWE3NTkxLWVjOGZhMjA4 [none]
[debug] [2026-01-28T05:54:18.733Z] <<< [apiv2][status] GET https://cloudfunctions.googleapis.com/v1/operations/cHJvamVjdHMvbmV3cy1lZmM0YS9sb2NhdGlvbnMvdXMtY2VudHJhbDEvb3BlcmF0aW9ucy9vcGVyYXRpb24tMTc2OTU3OTY1MjA3NC02NDk2YzVlOTA0YWEyLWUwZWE3NTkxLWVjOGZhMjA4 200
[debug] [2026-01-28T05:54:18.733Z] <<< [apiv2][body] GET https://cloudfunctions.googleapis.com/v1/operations/cHJvamVjdHMvbmV3cy1lZmM0YS9sb2NhdGlvbnMvdXMtY2VudHJhbDEvb3BlcmF0aW9ucy9vcGVyYXRpb24tMTc2OTU3OTY1MjA3NC02NDk2YzVlOTA0YWEyLWUwZWE3NTkxLWVjOGZhMjA4 {"name":"operations/cHJvamVjdHMvbmV3cy1lZmM0YS9sb2NhdGlvbnMvdXMtY2VudHJhbDEvb3BlcmF0aW9ucy9vcGVyYXRpb24tMTc2OTU3OTY1MjA3NC02NDk2YzVlOTA0YWEyLWUwZWE3NTkxLWVjOGZhMjA4","metadata":{"@type":"type.googleapis.com/google.cloud.functions.v1.OperationMetadataV1","target":"projects/news-efc4a/locations/us-central1/functions/createJournalistAccount","updateTime":"2026-01-28T05:54:18.392961842Z"}}
[debug] [2026-01-28T05:54:19.235Z] [create-default-us-central1-createJournalistAccount] Retrying task index 0
[debug] [2026-01-28T05:54:19.236Z] Checked if tokens are valid: true, expires at: 1769582224372
[debug] [2026-01-28T05:54:19.236Z] Checked if tokens are valid: true, expires at: 1769582224372
[debug] [2026-01-28T05:54:19.236Z] >>> [apiv2][query] GET https://cloudfunctions.googleapis.com/v1/operations/cHJvamVjdHMvbmV3cy1lZmM0YS9sb2NhdGlvbnMvdXMtY2VudHJhbDEvb3BlcmF0aW9ucy9vcGVyYXRpb24tMTc2OTU3OTY1MjA3NC02NDk2YzVlOTA0YWEyLWUwZWE3NTkxLWVjOGZhMjA4 [none]
[debug] [2026-01-28T05:54:19.635Z] <<< [apiv2][status] GET https://cloudfunctions.googleapis.com/v1/operations/cHJvamVjdHMvbmV3cy1lZmM0YS9sb2NhdGlvbnMvdXMtY2VudHJhbDEvb3BlcmF0aW9ucy9vcGVyYXRpb24tMTc2OTU3OTY1MjA3NC02NDk2YzVlOTA0YWEyLWUwZWE3NTkxLWVjOGZhMjA4 200
[debug] [2026-01-28T05:54:19.635Z] <<< [apiv2][body] GET https://cloudfunctions.googleapis.com/v1/operations/cHJvamVjdHMvbmV3cy1lZmM0YS9sb2NhdGlvbnMvdXMtY2VudHJhbDEvb3BlcmF0aW9ucy9vcGVyYXRpb24tMTc2OTU3OTY1MjA3NC02NDk2YzVlOTA0YWEyLWUwZWE3NTkxLWVjOGZhMjA4 {"name":"operations/cHJvamVjdHMvbmV3cy1lZmM0YS9sb2NhdGlvbnMvdXMtY2VudHJhbDEvb3BlcmF0aW9ucy9vcGVyYXRpb24tMTc2OTU3OTY1MjA3NC02NDk2YzVlOTA0YWEyLWUwZWE3NTkxLWVjOGZhMjA4","metadata":{"@type":"type.googleapis.com/google.cloud.functions.v1.OperationMetadataV1","target":"projects/news-efc4a/locations/us-central1/functions/createJournalistAccount","type":"CREATE_FUNCTION","request":{"@type":"type.googleapis.com/google.cloud.functions.v1.CloudFunction","name":"projects/news-efc4a/locations/us-central1/functions/createJournalistAccount","httpsTrigger":{"securityLevel":"SECURE_ALWAYS"},"entryPoint":"createJournalistAccount","updateTime":"1970-01-01T00:00:00Z","labels":{"deployment-tool":"cli-firebase","deployment-callable":"true","firebase-functions-hash":"613decbd7ff713530525ae525271aa5c1fe95982"},"sourceUploadUrl":"https://storage.googleapis.com/uploads-37601670339.us-central1.cloudfunctions.appspot.com/1aa56907-a25e-47bb-a9d9-4a47336167df.zip?GoogleAccessId=service-717438175301@gcf-admin-robot.iam.gserviceaccount.com&Expires=1769581451&Signature=k3QVvK0d6w0fVWrMbUOsYPWnOx%2BHdsM9pWFPrIHDGXEwGRezPou62TSz1uDSCFtwav2sI%2B69SH40pmW2%2BqPaOW2d6t%2BWoY63VIt5QwPGN8Q1l2gStmgsMzbFvveaDSe8tQtkXem3KixPpjN%2FiipWLyvMHfjfa%2F4EETuVWtROON9VjRsqW4U0hmV%2B2sYkZchRYcdGUmqSLEaZlyE4Xm9KO9f%2Fi61OT2jtXFp%2FmTZBKyWbmDac0%2BXgOR3g93rX4O5QOor2HWFi93CEYFQ0C6uPZj%2BbQ11SzQncrtiKQ3V4ksOKHMpIk5XTCSUi3ovtb%2FrTTHl%2BE3H75xBFnNLEKbeTBg%3D%3D","environmentVariables":{"FIREBASE_CONFIG":"{\"projectId\":\"news-efc4a\",\"storageBucket\":\"news-efc4a.firebasestorage.app\"}","GCLOUD_PROJECT":"news-efc4a","EVENTARC_CLOUD_EVENT_SOURCE":"projects/news-efc4a/locations/us-central1/functions/createJournalistAccount"},"runtime":"nodejs22","buildEnvironmentVariables":{"GOOGLE_NODE_RUN_SCRIPTS":""},"dockerRegistry":"ARTIFACT_REGISTRY"},"versionId":"1","updateTime":"2026-01-28T05:54:18.392961842Z"}}
[debug] [2026-01-28T05:54:20.637Z] [create-default-us-central1-createJournalistAccount] Retrying task index 0
[debug] [2026-01-28T05:54:20.637Z] Checked if tokens are valid: true, expires at: 1769582224372
[debug] [2026-01-28T05:54:20.637Z] Checked if tokens are valid: true, expires at: 1769582224372
[debug] [2026-01-28T05:54:20.638Z] >>> [apiv2][query] GET https://cloudfunctions.googleapis.com/v1/operations/cHJvamVjdHMvbmV3cy1lZmM0YS9sb2NhdGlvbnMvdXMtY2VudHJhbDEvb3BlcmF0aW9ucy9vcGVyYXRpb24tMTc2OTU3OTY1MjA3NC02NDk2YzVlOTA0YWEyLWUwZWE3NTkxLWVjOGZhMjA4 [none]
[debug] [2026-01-28T05:54:21.026Z] <<< [apiv2][status] GET https://cloudfunctions.googleapis.com/v1/operations/cHJvamVjdHMvbmV3cy1lZmM0YS9sb2NhdGlvbnMvdXMtY2VudHJhbDEvb3BlcmF0aW9ucy9vcGVyYXRpb24tMTc2OTU3OTY1MjA3NC02NDk2YzVlOTA0YWEyLWUwZWE3NTkxLWVjOGZhMjA4 200
[debug] [2026-01-28T05:54:21.026Z] <<< [apiv2][body] GET https://cloudfunctions.googleapis.com/v1/operations/cHJvamVjdHMvbmV3cy1lZmM0YS9sb2NhdGlvbnMvdXMtY2VudHJhbDEvb3BlcmF0aW9ucy9vcGVyYXRpb24tMTc2OTU3OTY1MjA3NC02NDk2YzVlOTA0YWEyLWUwZWE3NTkxLWVjOGZhMjA4 {"name":"operations/cHJvamVjdHMvbmV3cy1lZmM0YS9sb2NhdGlvbnMvdXMtY2VudHJhbDEvb3BlcmF0aW9ucy9vcGVyYXRpb24tMTc2OTU3OTY1MjA3NC02NDk2YzVlOTA0YWEyLWUwZWE3NTkxLWVjOGZhMjA4","metadata":{"@type":"type.googleapis.com/google.cloud.functions.v1.OperationMetadataV1","target":"projects/news-efc4a/locations/us-central1/functions/createJournalistAccount","type":"CREATE_FUNCTION","request":{"@type":"type.googleapis.com/google.cloud.functions.v1.CloudFunction","name":"projects/news-efc4a/locations/us-central1/functions/createJournalistAccount","httpsTrigger":{"securityLevel":"SECURE_ALWAYS"},"entryPoint":"createJournalistAccount","updateTime":"1970-01-01T00:00:00Z","labels":{"deployment-tool":"cli-firebase","deployment-callable":"true","firebase-functions-hash":"613decbd7ff713530525ae525271aa5c1fe95982"},"sourceUploadUrl":"https://storage.googleapis.com/uploads-37601670339.us-central1.cloudfunctions.appspot.com/1aa56907-a25e-47bb-a9d9-4a47336167df.zip?GoogleAccessId=service-717438175301@gcf-admin-robot.iam.gserviceaccount.com&Expires=1769581451&Signature=k3QVvK0d6w0fVWrMbUOsYPWnOx%2BHdsM9pWFPrIHDGXEwGRezPou62TSz1uDSCFtwav2sI%2B69SH40pmW2%2BqPaOW2d6t%2BWoY63VIt5QwPGN8Q1l2gStmgsMzbFvveaDSe8tQtkXem3KixPpjN%2FiipWLyvMHfjfa%2F4EETuVWtROON9VjRsqW4U0hmV%2B2sYkZchRYcdGUmqSLEaZlyE4Xm9KO9f%2Fi61OT2jtXFp%2FmTZBKyWbmDac0%2BXgOR3g93rX4O5QOor2HWFi93CEYFQ0C6uPZj%2BbQ11SzQncrtiKQ3V4ksOKHMpIk5XTCSUi3ovtb%2FrTTHl%2BE3H75xBFnNLEKbeTBg%3D%3D","environmentVariables":{"FIREBASE_CONFIG":"{\"projectId\":\"news-efc4a\",\"storageBucket\":\"news-efc4a.firebasestorage.app\"}","GCLOUD_PROJECT":"news-efc4a","EVENTARC_CLOUD_EVENT_SOURCE":"projects/news-efc4a/locations/us-central1/functions/createJournalistAccount"},"runtime":"nodejs22","buildEnvironmentVariables":{"GOOGLE_NODE_RUN_SCRIPTS":""},"dockerRegistry":"ARTIFACT_REGISTRY"},"versionId":"1","updateTime":"2026-01-28T05:54:18.392961842Z"}}
[debug] [2026-01-28T05:54:23.029Z] [create-default-us-central1-createJournalistAccount] Retrying task index 0
[debug] [2026-01-28T05:54:23.030Z] Checked if tokens are valid: true, expires at: 1769582224372
[debug] [2026-01-28T05:54:23.030Z] Checked if tokens are valid: true, expires at: 1769582224372
[debug] [2026-01-28T05:54:23.030Z] >>> [apiv2][query] GET https://cloudfunctions.googleapis.com/v1/operations/cHJvamVjdHMvbmV3cy1lZmM0YS9sb2NhdGlvbnMvdXMtY2VudHJhbDEvb3BlcmF0aW9ucy9vcGVyYXRpb24tMTc2OTU3OTY1MjA3NC02NDk2YzVlOTA0YWEyLWUwZWE3NTkxLWVjOGZhMjA4 [none]
[debug] [2026-01-28T05:54:23.488Z] <<< [apiv2][status] GET https://cloudfunctions.googleapis.com/v1/operations/cHJvamVjdHMvbmV3cy1lZmM0YS9sb2NhdGlvbnMvdXMtY2VudHJhbDEvb3BlcmF0aW9ucy9vcGVyYXRpb24tMTc2OTU3OTY1MjA3NC02NDk2YzVlOTA0YWEyLWUwZWE3NTkxLWVjOGZhMjA4 200
[debug] [2026-01-28T05:54:23.488Z] <<< [apiv2][body] GET https://cloudfunctions.googleapis.com/v1/operations/cHJvamVjdHMvbmV3cy1lZmM0YS9sb2NhdGlvbnMvdXMtY2VudHJhbDEvb3BlcmF0aW9ucy9vcGVyYXRpb24tMTc2OTU3OTY1MjA3NC02NDk2YzVlOTA0YWEyLWUwZWE3NTkxLWVjOGZhMjA4 {"name":"operations/cHJvamVjdHMvbmV3cy1lZmM0YS9sb2NhdGlvbnMvdXMtY2VudHJhbDEvb3BlcmF0aW9ucy9vcGVyYXRpb24tMTc2OTU3OTY1MjA3NC02NDk2YzVlOTA0YWEyLWUwZWE3NTkxLWVjOGZhMjA4","metadata":{"@type":"type.googleapis.com/google.cloud.functions.v1.OperationMetadataV1","target":"projects/news-efc4a/locations/us-central1/functions/createJournalistAccount","type":"CREATE_FUNCTION","request":{"@type":"type.googleapis.com/google.cloud.functions.v1.CloudFunction","name":"projects/news-efc4a/locations/us-central1/functions/createJournalistAccount","httpsTrigger":{"securityLevel":"SECURE_ALWAYS"},"entryPoint":"createJournalistAccount","updateTime":"1970-01-01T00:00:00Z","labels":{"deployment-tool":"cli-firebase","deployment-callable":"true","firebase-functions-hash":"613decbd7ff713530525ae525271aa5c1fe95982"},"sourceUploadUrl":"https://storage.googleapis.com/uploads-37601670339.us-central1.cloudfunctions.appspot.com/1aa56907-a25e-47bb-a9d9-4a47336167df.zip?GoogleAccessId=service-717438175301@gcf-admin-robot.iam.gserviceaccount.com&Expires=1769581451&Signature=k3QVvK0d6w0fVWrMbUOsYPWnOx%2BHdsM9pWFPrIHDGXEwGRezPou62TSz1uDSCFtwav2sI%2B69SH40pmW2%2BqPaOW2d6t%2BWoY63VIt5QwPGN8Q1l2gStmgsMzbFvveaDSe8tQtkXem3KixPpjN%2FiipWLyvMHfjfa%2F4EETuVWtROON9VjRsqW4U0hmV%2B2sYkZchRYcdGUmqSLEaZlyE4Xm9KO9f%2Fi61OT2jtXFp%2FmTZBKyWbmDac0%2BXgOR3g93rX4O5QOor2HWFi93CEYFQ0C6uPZj%2BbQ11SzQncrtiKQ3V4ksOKHMpIk5XTCSUi3ovtb%2FrTTHl%2BE3H75xBFnNLEKbeTBg%3D%3D","environmentVariables":{"FIREBASE_CONFIG":"{\"projectId\":\"news-efc4a\",\"storageBucket\":\"news-efc4a.firebasestorage.app\"}","GCLOUD_PROJECT":"news-efc4a","EVENTARC_CLOUD_EVENT_SOURCE":"projects/news-efc4a/locations/us-central1/functions/createJournalistAccount"},"runtime":"nodejs22","buildEnvironmentVariables":{"GOOGLE_NODE_RUN_SCRIPTS":""},"dockerRegistry":"ARTIFACT_REGISTRY"},"versionId":"1","updateTime":"2026-01-28T05:54:18.392961842Z"}}
[debug] [2026-01-28T05:54:27.492Z] [create-default-us-central1-createJournalistAccount] Retrying task index 0
[debug] [2026-01-28T05:54:27.493Z] Checked if tokens are valid: true, expires at: 1769582224372
[debug] [2026-01-28T05:54:27.493Z] Checked if tokens are valid: true, expires at: 1769582224372
[debug] [2026-01-28T05:54:27.493Z] >>> [apiv2][query] GET https://cloudfunctions.googleapis.com/v1/operations/cHJvamVjdHMvbmV3cy1lZmM0YS9sb2NhdGlvbnMvdXMtY2VudHJhbDEvb3BlcmF0aW9ucy9vcGVyYXRpb24tMTc2OTU3OTY1MjA3NC02NDk2YzVlOTA0YWEyLWUwZWE3NTkxLWVjOGZhMjA4 [none]
[debug] [2026-01-28T05:54:27.870Z] <<< [apiv2][status] GET https://cloudfunctions.googleapis.com/v1/operations/cHJvamVjdHMvbmV3cy1lZmM0YS9sb2NhdGlvbnMvdXMtY2VudHJhbDEvb3BlcmF0aW9ucy9vcGVyYXRpb24tMTc2OTU3OTY1MjA3NC02NDk2YzVlOTA0YWEyLWUwZWE3NTkxLWVjOGZhMjA4 200
[debug] [2026-01-28T05:54:27.871Z] <<< [apiv2][body] GET https://cloudfunctions.googleapis.com/v1/operations/cHJvamVjdHMvbmV3cy1lZmM0YS9sb2NhdGlvbnMvdXMtY2VudHJhbDEvb3BlcmF0aW9ucy9vcGVyYXRpb24tMTc2OTU3OTY1MjA3NC02NDk2YzVlOTA0YWEyLWUwZWE3NTkxLWVjOGZhMjA4 {"name":"operations/cHJvamVjdHMvbmV3cy1lZmM0YS9sb2NhdGlvbnMvdXMtY2VudHJhbDEvb3BlcmF0aW9ucy9vcGVyYXRpb24tMTc2OTU3OTY1MjA3NC02NDk2YzVlOTA0YWEyLWUwZWE3NTkxLWVjOGZhMjA4","metadata":{"@type":"type.googleapis.com/google.cloud.functions.v1.OperationMetadataV1","target":"projects/news-efc4a/locations/us-central1/functions/createJournalistAccount","type":"CREATE_FUNCTION","request":{"@type":"type.googleapis.com/google.cloud.functions.v1.CloudFunction","name":"projects/news-efc4a/locations/us-central1/functions/createJournalistAccount","httpsTrigger":{"securityLevel":"SECURE_ALWAYS"},"entryPoint":"createJournalistAccount","updateTime":"1970-01-01T00:00:00Z","labels":{"deployment-tool":"cli-firebase","deployment-callable":"true","firebase-functions-hash":"613decbd7ff713530525ae525271aa5c1fe95982"},"sourceUploadUrl":"https://storage.googleapis.com/uploads-37601670339.us-central1.cloudfunctions.appspot.com/1aa56907-a25e-47bb-a9d9-4a47336167df.zip?GoogleAccessId=service-717438175301@gcf-admin-robot.iam.gserviceaccount.com&Expires=1769581451&Signature=k3QVvK0d6w0fVWrMbUOsYPWnOx%2BHdsM9pWFPrIHDGXEwGRezPou62TSz1uDSCFtwav2sI%2B69SH40pmW2%2BqPaOW2d6t%2BWoY63VIt5QwPGN8Q1l2gStmgsMzbFvveaDSe8tQtkXem3KixPpjN%2FiipWLyvMHfjfa%2F4EETuVWtROON9VjRsqW4U0hmV%2B2sYkZchRYcdGUmqSLEaZlyE4Xm9KO9f%2Fi61OT2jtXFp%2FmTZBKyWbmDac0%2BXgOR3g93rX4O5QOor2HWFi93CEYFQ0C6uPZj%2BbQ11SzQncrtiKQ3V4ksOKHMpIk5XTCSUi3ovtb%2FrTTHl%2BE3H75xBFnNLEKbeTBg%3D%3D","environmentVariables":{"FIREBASE_CONFIG":"{\"projectId\":\"news-efc4a\",\"storageBucket\":\"news-efc4a.firebasestorage.app\"}","GCLOUD_PROJECT":"news-efc4a","EVENTARC_CLOUD_EVENT_SOURCE":"projects/news-efc4a/locations/us-central1/functions/createJournalistAccount"},"runtime":"nodejs22","buildEnvironmentVariables":{"GOOGLE_NODE_RUN_SCRIPTS":""},"dockerRegistry":"ARTIFACT_REGISTRY"},"versionId":"1","updateTime":"2026-01-28T05:54:18.392961842Z"}}
[debug] [2026-01-28T05:54:35.874Z] [create-default-us-central1-createJournalistAccount] Retrying task index 0
[debug] [2026-01-28T05:54:35.874Z] Checked if tokens are valid: true, expires at: 1769582224372
[debug] [2026-01-28T05:54:35.874Z] Checked if tokens are valid: true, expires at: 1769582224372
[debug] [2026-01-28T05:54:35.874Z] >>> [apiv2][query] GET https://cloudfunctions.googleapis.com/v1/operations/cHJvamVjdHMvbmV3cy1lZmM0YS9sb2NhdGlvbnMvdXMtY2VudHJhbDEvb3BlcmF0aW9ucy9vcGVyYXRpb24tMTc2OTU3OTY1MjA3NC02NDk2YzVlOTA0YWEyLWUwZWE3NTkxLWVjOGZhMjA4 [none]
[debug] [2026-01-28T05:54:36.271Z] <<< [apiv2][status] GET https://cloudfunctions.googleapis.com/v1/operations/cHJvamVjdHMvbmV3cy1lZmM0YS9sb2NhdGlvbnMvdXMtY2VudHJhbDEvb3BlcmF0aW9ucy9vcGVyYXRpb24tMTc2OTU3OTY1MjA3NC02NDk2YzVlOTA0YWEyLWUwZWE3NTkxLWVjOGZhMjA4 200
[debug] [2026-01-28T05:54:36.271Z] <<< [apiv2][body] GET https://cloudfunctions.googleapis.com/v1/operations/cHJvamVjdHMvbmV3cy1lZmM0YS9sb2NhdGlvbnMvdXMtY2VudHJhbDEvb3BlcmF0aW9ucy9vcGVyYXRpb24tMTc2OTU3OTY1MjA3NC02NDk2YzVlOTA0YWEyLWUwZWE3NTkxLWVjOGZhMjA4 {"name":"operations/cHJvamVjdHMvbmV3cy1lZmM0YS9sb2NhdGlvbnMvdXMtY2VudHJhbDEvb3BlcmF0aW9ucy9vcGVyYXRpb24tMTc2OTU3OTY1MjA3NC02NDk2YzVlOTA0YWEyLWUwZWE3NTkxLWVjOGZhMjA4","metadata":{"@type":"type.googleapis.com/google.cloud.functions.v1.OperationMetadataV1","target":"projects/news-efc4a/locations/us-central1/functions/createJournalistAccount","type":"CREATE_FUNCTION","request":{"@type":"type.googleapis.com/google.cloud.functions.v1.CloudFunction","name":"projects/news-efc4a/locations/us-central1/functions/createJournalistAccount","httpsTrigger":{"securityLevel":"SECURE_ALWAYS"},"entryPoint":"createJournalistAccount","updateTime":"1970-01-01T00:00:00Z","labels":{"deployment-tool":"cli-firebase","deployment-callable":"true","firebase-functions-hash":"613decbd7ff713530525ae525271aa5c1fe95982"},"sourceUploadUrl":"https://storage.googleapis.com/uploads-37601670339.us-central1.cloudfunctions.appspot.com/1aa56907-a25e-47bb-a9d9-4a47336167df.zip?GoogleAccessId=service-717438175301@gcf-admin-robot.iam.gserviceaccount.com&Expires=1769581451&Signature=k3QVvK0d6w0fVWrMbUOsYPWnOx%2BHdsM9pWFPrIHDGXEwGRezPou62TSz1uDSCFtwav2sI%2B69SH40pmW2%2BqPaOW2d6t%2BWoY63VIt5QwPGN8Q1l2gStmgsMzbFvveaDSe8tQtkXem3KixPpjN%2FiipWLyvMHfjfa%2F4EETuVWtROON9VjRsqW4U0hmV%2B2sYkZchRYcdGUmqSLEaZlyE4Xm9KO9f%2Fi61OT2jtXFp%2FmTZBKyWbmDac0%2BXgOR3g93rX4O5QOor2HWFi93CEYFQ0C6uPZj%2BbQ11SzQncrtiKQ3V4ksOKHMpIk5XTCSUi3ovtb%2FrTTHl%2BE3H75xBFnNLEKbeTBg%3D%3D","environmentVariables":{"FIREBASE_CONFIG":"{\"projectId\":\"news-efc4a\",\"storageBucket\":\"news-efc4a.firebasestorage.app\"}","GCLOUD_PROJECT":"news-efc4a","EVENTARC_CLOUD_EVENT_SOURCE":"projects/news-efc4a/locations/us-central1/functions/createJournalistAccount"},"runtime":"nodejs22","buildEnvironmentVariables":{"GOOGLE_NODE_RUN_SCRIPTS":""},"dockerRegistry":"ARTIFACT_REGISTRY"},"versionId":"1","updateTime":"2026-01-28T05:54:18.392961842Z"}}
[debug] [2026-01-28T05:54:46.277Z] [create-default-us-central1-createJournalistAccount] Retrying task index 0
[debug] [2026-01-28T05:54:46.278Z] Checked if tokens are valid: true, expires at: 1769582224372
[debug] [2026-01-28T05:54:46.278Z] Checked if tokens are valid: true, expires at: 1769582224372
[debug] [2026-01-28T05:54:46.278Z] >>> [apiv2][query] GET https://cloudfunctions.googleapis.com/v1/operations/cHJvamVjdHMvbmV3cy1lZmM0YS9sb2NhdGlvbnMvdXMtY2VudHJhbDEvb3BlcmF0aW9ucy9vcGVyYXRpb24tMTc2OTU3OTY1MjA3NC02NDk2YzVlOTA0YWEyLWUwZWE3NTkxLWVjOGZhMjA4 [none]
[debug] [2026-01-28T05:54:46.659Z] <<< [apiv2][status] GET https://cloudfunctions.googleapis.com/v1/operations/cHJvamVjdHMvbmV3cy1lZmM0YS9sb2NhdGlvbnMvdXMtY2VudHJhbDEvb3BlcmF0aW9ucy9vcGVyYXRpb24tMTc2OTU3OTY1MjA3NC02NDk2YzVlOTA0YWEyLWUwZWE3NTkxLWVjOGZhMjA4 200
[debug] [2026-01-28T05:54:46.659Z] <<< [apiv2][body] GET https://cloudfunctions.googleapis.com/v1/operations/cHJvamVjdHMvbmV3cy1lZmM0YS9sb2NhdGlvbnMvdXMtY2VudHJhbDEvb3BlcmF0aW9ucy9vcGVyYXRpb24tMTc2OTU3OTY1MjA3NC02NDk2YzVlOTA0YWEyLWUwZWE3NTkxLWVjOGZhMjA4 {"name":"operations/cHJvamVjdHMvbmV3cy1lZmM0YS9sb2NhdGlvbnMvdXMtY2VudHJhbDEvb3BlcmF0aW9ucy9vcGVyYXRpb24tMTc2OTU3OTY1MjA3NC02NDk2YzVlOTA0YWEyLWUwZWE3NTkxLWVjOGZhMjA4","metadata":{"@type":"type.googleapis.com/google.cloud.functions.v1.OperationMetadataV1","target":"projects/news-efc4a/locations/us-central1/functions/createJournalistAccount","type":"CREATE_FUNCTION","request":{"@type":"type.googleapis.com/google.cloud.functions.v1.CloudFunction","name":"projects/news-efc4a/locations/us-central1/functions/createJournalistAccount","httpsTrigger":{"securityLevel":"SECURE_ALWAYS"},"entryPoint":"createJournalistAccount","updateTime":"1970-01-01T00:00:00Z","labels":{"deployment-tool":"cli-firebase","deployment-callable":"true","firebase-functions-hash":"613decbd7ff713530525ae525271aa5c1fe95982"},"sourceUploadUrl":"https://storage.googleapis.com/uploads-37601670339.us-central1.cloudfunctions.appspot.com/1aa56907-a25e-47bb-a9d9-4a47336167df.zip?GoogleAccessId=service-717438175301@gcf-admin-robot.iam.gserviceaccount.com&Expires=1769581451&Signature=k3QVvK0d6w0fVWrMbUOsYPWnOx%2BHdsM9pWFPrIHDGXEwGRezPou62TSz1uDSCFtwav2sI%2B69SH40pmW2%2BqPaOW2d6t%2BWoY63VIt5QwPGN8Q1l2gStmgsMzbFvveaDSe8tQtkXem3KixPpjN%2FiipWLyvMHfjfa%2F4EETuVWtROON9VjRsqW4U0hmV%2B2sYkZchRYcdGUmqSLEaZlyE4Xm9KO9f%2Fi61OT2jtXFp%2FmTZBKyWbmDac0%2BXgOR3g93rX4O5QOor2HWFi93CEYFQ0C6uPZj%2BbQ11SzQncrtiKQ3V4ksOKHMpIk5XTCSUi3ovtb%2FrTTHl%2BE3H75xBFnNLEKbeTBg%3D%3D","environmentVariables":{"FIREBASE_CONFIG":"{\"projectId\":\"news-efc4a\",\"storageBucket\":\"news-efc4a.firebasestorage.app\"}","GCLOUD_PROJECT":"news-efc4a","EVENTARC_CLOUD_EVENT_SOURCE":"projects/news-efc4a/locations/us-central1/functions/createJournalistAccount"},"runtime":"nodejs22","buildEnvironmentVariables":{"GOOGLE_NODE_RUN_SCRIPTS":""},"dockerRegistry":"ARTIFACT_REGISTRY"},"versionId":"1","updateTime":"2026-01-28T05:54:18.392961842Z","buildId":"93279043-9c18-4391-a22c-252c71347ae5","buildName":"projects/717438175301/locations/us-central1/builds/93279043-9c18-4391-a22c-252c71347ae5"}}
[debug] [2026-01-28T05:54:56.664Z] [create-default-us-central1-createJournalistAccount] Retrying task index 0
[debug] [2026-01-28T05:54:56.664Z] Checked if tokens are valid: true, expires at: 1769582224372
[debug] [2026-01-28T05:54:56.664Z] Checked if tokens are valid: true, expires at: 1769582224372
[debug] [2026-01-28T05:54:56.664Z] >>> [apiv2][query] GET https://cloudfunctions.googleapis.com/v1/operations/cHJvamVjdHMvbmV3cy1lZmM0YS9sb2NhdGlvbnMvdXMtY2VudHJhbDEvb3BlcmF0aW9ucy9vcGVyYXRpb24tMTc2OTU3OTY1MjA3NC02NDk2YzVlOTA0YWEyLWUwZWE3NTkxLWVjOGZhMjA4 [none]
[debug] [2026-01-28T05:54:57.052Z] <<< [apiv2][status] GET https://cloudfunctions.googleapis.com/v1/operations/cHJvamVjdHMvbmV3cy1lZmM0YS9sb2NhdGlvbnMvdXMtY2VudHJhbDEvb3BlcmF0aW9ucy9vcGVyYXRpb24tMTc2OTU3OTY1MjA3NC02NDk2YzVlOTA0YWEyLWUwZWE3NTkxLWVjOGZhMjA4 200
[debug] [2026-01-28T05:54:57.052Z] <<< [apiv2][body] GET https://cloudfunctions.googleapis.com/v1/operations/cHJvamVjdHMvbmV3cy1lZmM0YS9sb2NhdGlvbnMvdXMtY2VudHJhbDEvb3BlcmF0aW9ucy9vcGVyYXRpb24tMTc2OTU3OTY1MjA3NC02NDk2YzVlOTA0YWEyLWUwZWE3NTkxLWVjOGZhMjA4 {"name":"operations/cHJvamVjdHMvbmV3cy1lZmM0YS9sb2NhdGlvbnMvdXMtY2VudHJhbDEvb3BlcmF0aW9ucy9vcGVyYXRpb24tMTc2OTU3OTY1MjA3NC02NDk2YzVlOTA0YWEyLWUwZWE3NTkxLWVjOGZhMjA4","metadata":{"@type":"type.googleapis.com/google.cloud.functions.v1.OperationMetadataV1","target":"projects/news-efc4a/locations/us-central1/functions/createJournalistAccount","type":"CREATE_FUNCTION","request":{"@type":"type.googleapis.com/google.cloud.functions.v1.CloudFunction","name":"projects/news-efc4a/locations/us-central1/functions/createJournalistAccount","httpsTrigger":{"securityLevel":"SECURE_ALWAYS"},"entryPoint":"createJournalistAccount","updateTime":"1970-01-01T00:00:00Z","labels":{"deployment-tool":"cli-firebase","deployment-callable":"true","firebase-functions-hash":"613decbd7ff713530525ae525271aa5c1fe95982"},"sourceUploadUrl":"https://storage.googleapis.com/uploads-37601670339.us-central1.cloudfunctions.appspot.com/1aa56907-a25e-47bb-a9d9-4a47336167df.zip?GoogleAccessId=service-717438175301@gcf-admin-robot.iam.gserviceaccount.com&Expires=1769581451&Signature=k3QVvK0d6w0fVWrMbUOsYPWnOx%2BHdsM9pWFPrIHDGXEwGRezPou62TSz1uDSCFtwav2sI%2B69SH40pmW2%2BqPaOW2d6t%2BWoY63VIt5QwPGN8Q1l2gStmgsMzbFvveaDSe8tQtkXem3KixPpjN%2FiipWLyvMHfjfa%2F4EETuVWtROON9VjRsqW4U0hmV%2B2sYkZchRYcdGUmqSLEaZlyE4Xm9KO9f%2Fi61OT2jtXFp%2FmTZBKyWbmDac0%2BXgOR3g93rX4O5QOor2HWFi93CEYFQ0C6uPZj%2BbQ11SzQncrtiKQ3V4ksOKHMpIk5XTCSUi3ovtb%2FrTTHl%2BE3H75xBFnNLEKbeTBg%3D%3D","environmentVariables":{"FIREBASE_CONFIG":"{\"projectId\":\"news-efc4a\",\"storageBucket\":\"news-efc4a.firebasestorage.app\"}","GCLOUD_PROJECT":"news-efc4a","EVENTARC_CLOUD_EVENT_SOURCE":"projects/news-efc4a/locations/us-central1/functions/createJournalistAccount"},"runtime":"nodejs22","buildEnvironmentVariables":{"GOOGLE_NODE_RUN_SCRIPTS":""},"dockerRegistry":"ARTIFACT_REGISTRY"},"versionId":"1","updateTime":"2026-01-28T05:54:18.392961842Z","buildId":"93279043-9c18-4391-a22c-252c71347ae5","buildName":"projects/717438175301/locations/us-central1/builds/93279043-9c18-4391-a22c-252c71347ae5"}}
[debug] [2026-01-28T05:55:07.054Z] [create-default-us-central1-createJournalistAccount] Retrying task index 0
[debug] [2026-01-28T05:55:07.055Z] Checked if tokens are valid: true, expires at: 1769582224372
[debug] [2026-01-28T05:55:07.055Z] Checked if tokens are valid: true, expires at: 1769582224372
[debug] [2026-01-28T05:55:07.055Z] >>> [apiv2][query] GET https://cloudfunctions.googleapis.com/v1/operations/cHJvamVjdHMvbmV3cy1lZmM0YS9sb2NhdGlvbnMvdXMtY2VudHJhbDEvb3BlcmF0aW9ucy9vcGVyYXRpb24tMTc2OTU3OTY1MjA3NC02NDk2YzVlOTA0YWEyLWUwZWE3NTkxLWVjOGZhMjA4 [none]
[debug] [2026-01-28T05:55:07.450Z] <<< [apiv2][status] GET https://cloudfunctions.googleapis.com/v1/operations/cHJvamVjdHMvbmV3cy1lZmM0YS9sb2NhdGlvbnMvdXMtY2VudHJhbDEvb3BlcmF0aW9ucy9vcGVyYXRpb24tMTc2OTU3OTY1MjA3NC02NDk2YzVlOTA0YWEyLWUwZWE3NTkxLWVjOGZhMjA4 200
[debug] [2026-01-28T05:55:07.451Z] <<< [apiv2][body] GET https://cloudfunctions.googleapis.com/v1/operations/cHJvamVjdHMvbmV3cy1lZmM0YS9sb2NhdGlvbnMvdXMtY2VudHJhbDEvb3BlcmF0aW9ucy9vcGVyYXRpb24tMTc2OTU3OTY1MjA3NC02NDk2YzVlOTA0YWEyLWUwZWE3NTkxLWVjOGZhMjA4 {"name":"operations/cHJvamVjdHMvbmV3cy1lZmM0YS9sb2NhdGlvbnMvdXMtY2VudHJhbDEvb3BlcmF0aW9ucy9vcGVyYXRpb24tMTc2OTU3OTY1MjA3NC02NDk2YzVlOTA0YWEyLWUwZWE3NTkxLWVjOGZhMjA4","metadata":{"@type":"type.googleapis.com/google.cloud.functions.v1.OperationMetadataV1","target":"projects/news-efc4a/locations/us-central1/functions/createJournalistAccount","type":"CREATE_FUNCTION","request":{"@type":"type.googleapis.com/google.cloud.functions.v1.CloudFunction","name":"projects/news-efc4a/locations/us-central1/functions/createJournalistAccount","httpsTrigger":{"securityLevel":"SECURE_ALWAYS"},"entryPoint":"createJournalistAccount","updateTime":"1970-01-01T00:00:00Z","labels":{"deployment-tool":"cli-firebase","deployment-callable":"true","firebase-functions-hash":"613decbd7ff713530525ae525271aa5c1fe95982"},"sourceUploadUrl":"https://storage.googleapis.com/uploads-37601670339.us-central1.cloudfunctions.appspot.com/1aa56907-a25e-47bb-a9d9-4a47336167df.zip?GoogleAccessId=service-717438175301@gcf-admin-robot.iam.gserviceaccount.com&Expires=1769581451&Signature=k3QVvK0d6w0fVWrMbUOsYPWnOx%2BHdsM9pWFPrIHDGXEwGRezPou62TSz1uDSCFtwav2sI%2B69SH40pmW2%2BqPaOW2d6t%2BWoY63VIt5QwPGN8Q1l2gStmgsMzbFvveaDSe8tQtkXem3KixPpjN%2FiipWLyvMHfjfa%2F4EETuVWtROON9VjRsqW4U0hmV%2B2sYkZchRYcdGUmqSLEaZlyE4Xm9KO9f%2Fi61OT2jtXFp%2FmTZBKyWbmDac0%2BXgOR3g93rX4O5QOor2HWFi93CEYFQ0C6uPZj%2BbQ11SzQncrtiKQ3V4ksOKHMpIk5XTCSUi3ovtb%2FrTTHl%2BE3H75xBFnNLEKbeTBg%3D%3D","environmentVariables":{"FIREBASE_CONFIG":"{\"projectId\":\"news-efc4a\",\"storageBucket\":\"news-efc4a.firebasestorage.app\"}","GCLOUD_PROJECT":"news-efc4a","EVENTARC_CLOUD_EVENT_SOURCE":"projects/news-efc4a/locations/us-central1/functions/createJournalistAccount"},"runtime":"nodejs22","buildEnvironmentVariables":{"GOOGLE_NODE_RUN_SCRIPTS":""},"dockerRegistry":"ARTIFACT_REGISTRY"},"versionId":"1","updateTime":"2026-01-28T05:54:18.392961842Z","buildId":"93279043-9c18-4391-a22c-252c71347ae5","buildName":"projects/717438175301/locations/us-central1/builds/93279043-9c18-4391-a22c-252c71347ae5"}}
[debug] [2026-01-28T05:55:17.456Z] [create-default-us-central1-createJournalistAccount] Retrying task index 0
[debug] [2026-01-28T05:55:17.456Z] Checked if tokens are valid: true, expires at: 1769582224372
[debug] [2026-01-28T05:55:17.456Z] Checked if tokens are valid: true, expires at: 1769582224372
[debug] [2026-01-28T05:55:17.457Z] >>> [apiv2][query] GET https://cloudfunctions.googleapis.com/v1/operations/cHJvamVjdHMvbmV3cy1lZmM0YS9sb2NhdGlvbnMvdXMtY2VudHJhbDEvb3BlcmF0aW9ucy9vcGVyYXRpb24tMTc2OTU3OTY1MjA3NC02NDk2YzVlOTA0YWEyLWUwZWE3NTkxLWVjOGZhMjA4 [none]
[debug] [2026-01-28T05:55:17.840Z] <<< [apiv2][status] GET https://cloudfunctions.googleapis.com/v1/operations/cHJvamVjdHMvbmV3cy1lZmM0YS9sb2NhdGlvbnMvdXMtY2VudHJhbDEvb3BlcmF0aW9ucy9vcGVyYXRpb24tMTc2OTU3OTY1MjA3NC02NDk2YzVlOTA0YWEyLWUwZWE3NTkxLWVjOGZhMjA4 200
[debug] [2026-01-28T05:55:17.841Z] <<< [apiv2][body] GET https://cloudfunctions.googleapis.com/v1/operations/cHJvamVjdHMvbmV3cy1lZmM0YS9sb2NhdGlvbnMvdXMtY2VudHJhbDEvb3BlcmF0aW9ucy9vcGVyYXRpb24tMTc2OTU3OTY1MjA3NC02NDk2YzVlOTA0YWEyLWUwZWE3NTkxLWVjOGZhMjA4 {"name":"operations/cHJvamVjdHMvbmV3cy1lZmM0YS9sb2NhdGlvbnMvdXMtY2VudHJhbDEvb3BlcmF0aW9ucy9vcGVyYXRpb24tMTc2OTU3OTY1MjA3NC02NDk2YzVlOTA0YWEyLWUwZWE3NTkxLWVjOGZhMjA4","metadata":{"@type":"type.googleapis.com/google.cloud.functions.v1.OperationMetadataV1","target":"projects/news-efc4a/locations/us-central1/functions/createJournalistAccount","type":"CREATE_FUNCTION","request":{"@type":"type.googleapis.com/google.cloud.functions.v1.CloudFunction","name":"projects/news-efc4a/locations/us-central1/functions/createJournalistAccount","httpsTrigger":{"securityLevel":"SECURE_ALWAYS"},"entryPoint":"createJournalistAccount","updateTime":"1970-01-01T00:00:00Z","labels":{"deployment-tool":"cli-firebase","deployment-callable":"true","firebase-functions-hash":"613decbd7ff713530525ae525271aa5c1fe95982"},"sourceUploadUrl":"https://storage.googleapis.com/uploads-37601670339.us-central1.cloudfunctions.appspot.com/1aa56907-a25e-47bb-a9d9-4a47336167df.zip?GoogleAccessId=service-717438175301@gcf-admin-robot.iam.gserviceaccount.com&Expires=1769581451&Signature=k3QVvK0d6w0fVWrMbUOsYPWnOx%2BHdsM9pWFPrIHDGXEwGRezPou62TSz1uDSCFtwav2sI%2B69SH40pmW2%2BqPaOW2d6t%2BWoY63VIt5QwPGN8Q1l2gStmgsMzbFvveaDSe8tQtkXem3KixPpjN%2FiipWLyvMHfjfa%2F4EETuVWtROON9VjRsqW4U0hmV%2B2sYkZchRYcdGUmqSLEaZlyE4Xm9KO9f%2Fi61OT2jtXFp%2FmTZBKyWbmDac0%2BXgOR3g93rX4O5QOor2HWFi93CEYFQ0C6uPZj%2BbQ11SzQncrtiKQ3V4ksOKHMpIk5XTCSUi3ovtb%2FrTTHl%2BE3H75xBFnNLEKbeTBg%3D%3D","environmentVariables":{"FIREBASE_CONFIG":"{\"projectId\":\"news-efc4a\",\"storageBucket\":\"news-efc4a.firebasestorage.app\"}","GCLOUD_PROJECT":"news-efc4a","EVENTARC_CLOUD_EVENT_SOURCE":"projects/news-efc4a/locations/us-central1/functions/createJournalistAccount"},"runtime":"nodejs22","buildEnvironmentVariables":{"GOOGLE_NODE_RUN_SCRIPTS":""},"dockerRegistry":"ARTIFACT_REGISTRY"},"versionId":"1","updateTime":"2026-01-28T05:54:18.392961842Z","buildId":"93279043-9c18-4391-a22c-252c71347ae5","buildName":"projects/717438175301/locations/us-central1/builds/93279043-9c18-4391-a22c-252c71347ae5"}}
[debug] [2026-01-28T05:55:27.842Z] [create-default-us-central1-createJournalistAccount] Retrying task index 0
[debug] [2026-01-28T05:55:27.842Z] Checked if tokens are valid: true, expires at: 1769582224372
[debug] [2026-01-28T05:55:27.842Z] Checked if tokens are valid: true, expires at: 1769582224372
[debug] [2026-01-28T05:55:27.843Z] >>> [apiv2][query] GET https://cloudfunctions.googleapis.com/v1/operations/cHJvamVjdHMvbmV3cy1lZmM0YS9sb2NhdGlvbnMvdXMtY2VudHJhbDEvb3BlcmF0aW9ucy9vcGVyYXRpb24tMTc2OTU3OTY1MjA3NC02NDk2YzVlOTA0YWEyLWUwZWE3NTkxLWVjOGZhMjA4 [none]
[debug] [2026-01-28T05:55:28.088Z] <<< [apiv2][status] GET https://cloudfunctions.googleapis.com/v1/operations/cHJvamVjdHMvbmV3cy1lZmM0YS9sb2NhdGlvbnMvdXMtY2VudHJhbDEvb3BlcmF0aW9ucy9vcGVyYXRpb24tMTc2OTU3OTY1MjA3NC02NDk2YzVlOTA0YWEyLWUwZWE3NTkxLWVjOGZhMjA4 200
[debug] [2026-01-28T05:55:28.088Z] <<< [apiv2][body] GET https://cloudfunctions.googleapis.com/v1/operations/cHJvamVjdHMvbmV3cy1lZmM0YS9sb2NhdGlvbnMvdXMtY2VudHJhbDEvb3BlcmF0aW9ucy9vcGVyYXRpb24tMTc2OTU3OTY1MjA3NC02NDk2YzVlOTA0YWEyLWUwZWE3NTkxLWVjOGZhMjA4 {"name":"operations/cHJvamVjdHMvbmV3cy1lZmM0YS9sb2NhdGlvbnMvdXMtY2VudHJhbDEvb3BlcmF0aW9ucy9vcGVyYXRpb24tMTc2OTU3OTY1MjA3NC02NDk2YzVlOTA0YWEyLWUwZWE3NTkxLWVjOGZhMjA4","metadata":{"@type":"type.googleapis.com/google.cloud.functions.v1.OperationMetadataV1","target":"projects/news-efc4a/locations/us-central1/functions/createJournalistAccount","type":"CREATE_FUNCTION","request":{"@type":"type.googleapis.com/google.cloud.functions.v1.CloudFunction","name":"projects/news-efc4a/locations/us-central1/functions/createJournalistAccount","httpsTrigger":{"securityLevel":"SECURE_ALWAYS"},"entryPoint":"createJournalistAccount","updateTime":"1970-01-01T00:00:00Z","labels":{"deployment-tool":"cli-firebase","deployment-callable":"true","firebase-functions-hash":"613decbd7ff713530525ae525271aa5c1fe95982"},"sourceUploadUrl":"https://storage.googleapis.com/uploads-37601670339.us-central1.cloudfunctions.appspot.com/1aa56907-a25e-47bb-a9d9-4a47336167df.zip?GoogleAccessId=service-717438175301@gcf-admin-robot.iam.gserviceaccount.com&Expires=1769581451&Signature=k3QVvK0d6w0fVWrMbUOsYPWnOx%2BHdsM9pWFPrIHDGXEwGRezPou62TSz1uDSCFtwav2sI%2B69SH40pmW2%2BqPaOW2d6t%2BWoY63VIt5QwPGN8Q1l2gStmgsMzbFvveaDSe8tQtkXem3KixPpjN%2FiipWLyvMHfjfa%2F4EETuVWtROON9VjRsqW4U0hmV%2B2sYkZchRYcdGUmqSLEaZlyE4Xm9KO9f%2Fi61OT2jtXFp%2FmTZBKyWbmDac0%2BXgOR3g93rX4O5QOor2HWFi93CEYFQ0C6uPZj%2BbQ11SzQncrtiKQ3V4ksOKHMpIk5XTCSUi3ovtb%2FrTTHl%2BE3H75xBFnNLEKbeTBg%3D%3D","environmentVariables":{"FIREBASE_CONFIG":"{\"projectId\":\"news-efc4a\",\"storageBucket\":\"news-efc4a.firebasestorage.app\"}","GCLOUD_PROJECT":"news-efc4a","EVENTARC_CLOUD_EVENT_SOURCE":"projects/news-efc4a/locations/us-central1/functions/createJournalistAccount"},"runtime":"nodejs22","buildEnvironmentVariables":{"GOOGLE_NODE_RUN_SCRIPTS":""},"dockerRegistry":"ARTIFACT_REGISTRY"},"versionId":"1","updateTime":"2026-01-28T05:54:18.392961842Z","buildId":"93279043-9c18-4391-a22c-252c71347ae5","buildName":"projects/717438175301/locations/us-central1/builds/93279043-9c18-4391-a22c-252c71347ae5"}}
[debug] [2026-01-28T05:55:38.093Z] [create-default-us-central1-createJournalistAccount] Retrying task index 0
[debug] [2026-01-28T05:55:38.093Z] Checked if tokens are valid: true, expires at: 1769582224372
[debug] [2026-01-28T05:55:38.093Z] Checked if tokens are valid: true, expires at: 1769582224372
[debug] [2026-01-28T05:55:38.093Z] >>> [apiv2][query] GET https://cloudfunctions.googleapis.com/v1/operations/cHJvamVjdHMvbmV3cy1lZmM0YS9sb2NhdGlvbnMvdXMtY2VudHJhbDEvb3BlcmF0aW9ucy9vcGVyYXRpb24tMTc2OTU3OTY1MjA3NC02NDk2YzVlOTA0YWEyLWUwZWE3NTkxLWVjOGZhMjA4 [none]
[debug] [2026-01-28T05:55:38.320Z] <<< [apiv2][status] GET https://cloudfunctions.googleapis.com/v1/operations/cHJvamVjdHMvbmV3cy1lZmM0YS9sb2NhdGlvbnMvdXMtY2VudHJhbDEvb3BlcmF0aW9ucy9vcGVyYXRpb24tMTc2OTU3OTY1MjA3NC02NDk2YzVlOTA0YWEyLWUwZWE3NTkxLWVjOGZhMjA4 200
[debug] [2026-01-28T05:55:38.321Z] <<< [apiv2][body] GET https://cloudfunctions.googleapis.com/v1/operations/cHJvamVjdHMvbmV3cy1lZmM0YS9sb2NhdGlvbnMvdXMtY2VudHJhbDEvb3BlcmF0aW9ucy9vcGVyYXRpb24tMTc2OTU3OTY1MjA3NC02NDk2YzVlOTA0YWEyLWUwZWE3NTkxLWVjOGZhMjA4 {"name":"operations/cHJvamVjdHMvbmV3cy1lZmM0YS9sb2NhdGlvbnMvdXMtY2VudHJhbDEvb3BlcmF0aW9ucy9vcGVyYXRpb24tMTc2OTU3OTY1MjA3NC02NDk2YzVlOTA0YWEyLWUwZWE3NTkxLWVjOGZhMjA4","metadata":{"@type":"type.googleapis.com/google.cloud.functions.v1.OperationMetadataV1","target":"projects/news-efc4a/locations/us-central1/functions/createJournalistAccount","type":"CREATE_FUNCTION","request":{"@type":"type.googleapis.com/google.cloud.functions.v1.CloudFunction","name":"projects/news-efc4a/locations/us-central1/functions/createJournalistAccount","httpsTrigger":{"securityLevel":"SECURE_ALWAYS"},"entryPoint":"createJournalistAccount","updateTime":"1970-01-01T00:00:00Z","labels":{"deployment-tool":"cli-firebase","deployment-callable":"true","firebase-functions-hash":"613decbd7ff713530525ae525271aa5c1fe95982"},"sourceUploadUrl":"https://storage.googleapis.com/uploads-37601670339.us-central1.cloudfunctions.appspot.com/1aa56907-a25e-47bb-a9d9-4a47336167df.zip?GoogleAccessId=service-717438175301@gcf-admin-robot.iam.gserviceaccount.com&Expires=1769581451&Signature=k3QVvK0d6w0fVWrMbUOsYPWnOx%2BHdsM9pWFPrIHDGXEwGRezPou62TSz1uDSCFtwav2sI%2B69SH40pmW2%2BqPaOW2d6t%2BWoY63VIt5QwPGN8Q1l2gStmgsMzbFvveaDSe8tQtkXem3KixPpjN%2FiipWLyvMHfjfa%2F4EETuVWtROON9VjRsqW4U0hmV%2B2sYkZchRYcdGUmqSLEaZlyE4Xm9KO9f%2Fi61OT2jtXFp%2FmTZBKyWbmDac0%2BXgOR3g93rX4O5QOor2HWFi93CEYFQ0C6uPZj%2BbQ11SzQncrtiKQ3V4ksOKHMpIk5XTCSUi3ovtb%2FrTTHl%2BE3H75xBFnNLEKbeTBg%3D%3D","environmentVariables":{"FIREBASE_CONFIG":"{\"projectId\":\"news-efc4a\",\"storageBucket\":\"news-efc4a.firebasestorage.app\"}","GCLOUD_PROJECT":"news-efc4a","EVENTARC_CLOUD_EVENT_SOURCE":"projects/news-efc4a/locations/us-central1/functions/createJournalistAccount"},"runtime":"nodejs22","buildEnvironmentVariables":{"GOOGLE_NODE_RUN_SCRIPTS":""},"dockerRegistry":"ARTIFACT_REGISTRY"},"versionId":"1","updateTime":"2026-01-28T05:54:18.392961842Z","buildId":"93279043-9c18-4391-a22c-252c71347ae5","sourceToken":"7ce751ec-8df8-4fac-b034-32a48daa3368","buildName":"projects/717438175301/locations/us-central1/builds/93279043-9c18-4391-a22c-252c71347ae5"}}
[debug] [2026-01-28T05:55:38.321Z] Got source token 7ce751ec-8df8-4fac-b034-32a48daa3368 for region us-central1
[debug] [2026-01-28T05:55:48.326Z] [create-default-us-central1-createJournalistAccount] Retrying task index 0
[debug] [2026-01-28T05:55:48.326Z] Checked if tokens are valid: true, expires at: 1769582224372
[debug] [2026-01-28T05:55:48.326Z] Checked if tokens are valid: true, expires at: 1769582224372
[debug] [2026-01-28T05:55:48.327Z] >>> [apiv2][query] GET https://cloudfunctions.googleapis.com/v1/operations/cHJvamVjdHMvbmV3cy1lZmM0YS9sb2NhdGlvbnMvdXMtY2VudHJhbDEvb3BlcmF0aW9ucy9vcGVyYXRpb24tMTc2OTU3OTY1MjA3NC02NDk2YzVlOTA0YWEyLWUwZWE3NTkxLWVjOGZhMjA4 [none]
[debug] [2026-01-28T05:55:48.727Z] <<< [apiv2][status] GET https://cloudfunctions.googleapis.com/v1/operations/cHJvamVjdHMvbmV3cy1lZmM0YS9sb2NhdGlvbnMvdXMtY2VudHJhbDEvb3BlcmF0aW9ucy9vcGVyYXRpb24tMTc2OTU3OTY1MjA3NC02NDk2YzVlOTA0YWEyLWUwZWE3NTkxLWVjOGZhMjA4 200
[debug] [2026-01-28T05:55:48.728Z] <<< [apiv2][body] GET https://cloudfunctions.googleapis.com/v1/operations/cHJvamVjdHMvbmV3cy1lZmM0YS9sb2NhdGlvbnMvdXMtY2VudHJhbDEvb3BlcmF0aW9ucy9vcGVyYXRpb24tMTc2OTU3OTY1MjA3NC02NDk2YzVlOTA0YWEyLWUwZWE3NTkxLWVjOGZhMjA4 {"name":"operations/cHJvamVjdHMvbmV3cy1lZmM0YS9sb2NhdGlvbnMvdXMtY2VudHJhbDEvb3BlcmF0aW9ucy9vcGVyYXRpb24tMTc2OTU3OTY1MjA3NC02NDk2YzVlOTA0YWEyLWUwZWE3NTkxLWVjOGZhMjA4","metadata":{"@type":"type.googleapis.com/google.cloud.functions.v1.OperationMetadataV1","target":"projects/news-efc4a/locations/us-central1/functions/createJournalistAccount","type":"CREATE_FUNCTION","request":{"@type":"type.googleapis.com/google.cloud.functions.v1.CloudFunction","name":"projects/news-efc4a/locations/us-central1/functions/createJournalistAccount","httpsTrigger":{"securityLevel":"SECURE_ALWAYS"},"entryPoint":"createJournalistAccount","updateTime":"1970-01-01T00:00:00Z","labels":{"deployment-tool":"cli-firebase","deployment-callable":"true","firebase-functions-hash":"613decbd7ff713530525ae525271aa5c1fe95982"},"sourceUploadUrl":"https://storage.googleapis.com/uploads-37601670339.us-central1.cloudfunctions.appspot.com/1aa56907-a25e-47bb-a9d9-4a47336167df.zip?GoogleAccessId=service-717438175301@gcf-admin-robot.iam.gserviceaccount.com&Expires=1769581451&Signature=k3QVvK0d6w0fVWrMbUOsYPWnOx%2BHdsM9pWFPrIHDGXEwGRezPou62TSz1uDSCFtwav2sI%2B69SH40pmW2%2BqPaOW2d6t%2BWoY63VIt5QwPGN8Q1l2gStmgsMzbFvveaDSe8tQtkXem3KixPpjN%2FiipWLyvMHfjfa%2F4EETuVWtROON9VjRsqW4U0hmV%2B2sYkZchRYcdGUmqSLEaZlyE4Xm9KO9f%2Fi61OT2jtXFp%2FmTZBKyWbmDac0%2BXgOR3g93rX4O5QOor2HWFi93CEYFQ0C6uPZj%2BbQ11SzQncrtiKQ3V4ksOKHMpIk5XTCSUi3ovtb%2FrTTHl%2BE3H75xBFnNLEKbeTBg%3D%3D","environmentVariables":{"FIREBASE_CONFIG":"{\"projectId\":\"news-efc4a\",\"storageBucket\":\"news-efc4a.firebasestorage.app\"}","GCLOUD_PROJECT":"news-efc4a","EVENTARC_CLOUD_EVENT_SOURCE":"projects/news-efc4a/locations/us-central1/functions/createJournalistAccount"},"runtime":"nodejs22","buildEnvironmentVariables":{"GOOGLE_NODE_RUN_SCRIPTS":""},"dockerRegistry":"ARTIFACT_REGISTRY"},"versionId":"1","updateTime":"2026-01-28T05:54:18.392961842Z","buildId":"93279043-9c18-4391-a22c-252c71347ae5","sourceToken":"7ce751ec-8df8-4fac-b034-32a48daa3368","buildName":"projects/717438175301/locations/us-central1/builds/93279043-9c18-4391-a22c-252c71347ae5"}}
[debug] [2026-01-28T05:55:48.728Z] Got source token 7ce751ec-8df8-4fac-b034-32a48daa3368 for region us-central1
[debug] [2026-01-28T05:55:58.733Z] [create-default-us-central1-createJournalistAccount] Retrying task index 0
[debug] [2026-01-28T05:55:58.733Z] Checked if tokens are valid: true, expires at: 1769582224372
[debug] [2026-01-28T05:55:58.734Z] Checked if tokens are valid: true, expires at: 1769582224372
[debug] [2026-01-28T05:55:58.734Z] >>> [apiv2][query] GET https://cloudfunctions.googleapis.com/v1/operations/cHJvamVjdHMvbmV3cy1lZmM0YS9sb2NhdGlvbnMvdXMtY2VudHJhbDEvb3BlcmF0aW9ucy9vcGVyYXRpb24tMTc2OTU3OTY1MjA3NC02NDk2YzVlOTA0YWEyLWUwZWE3NTkxLWVjOGZhMjA4 [none]
[debug] [2026-01-28T05:55:58.946Z] <<< [apiv2][status] GET https://cloudfunctions.googleapis.com/v1/operations/cHJvamVjdHMvbmV3cy1lZmM0YS9sb2NhdGlvbnMvdXMtY2VudHJhbDEvb3BlcmF0aW9ucy9vcGVyYXRpb24tMTc2OTU3OTY1MjA3NC02NDk2YzVlOTA0YWEyLWUwZWE3NTkxLWVjOGZhMjA4 200
[debug] [2026-01-28T05:55:58.946Z] <<< [apiv2][body] GET https://cloudfunctions.googleapis.com/v1/operations/cHJvamVjdHMvbmV3cy1lZmM0YS9sb2NhdGlvbnMvdXMtY2VudHJhbDEvb3BlcmF0aW9ucy9vcGVyYXRpb24tMTc2OTU3OTY1MjA3NC02NDk2YzVlOTA0YWEyLWUwZWE3NTkxLWVjOGZhMjA4 {"name":"operations/cHJvamVjdHMvbmV3cy1lZmM0YS9sb2NhdGlvbnMvdXMtY2VudHJhbDEvb3BlcmF0aW9ucy9vcGVyYXRpb24tMTc2OTU3OTY1MjA3NC02NDk2YzVlOTA0YWEyLWUwZWE3NTkxLWVjOGZhMjA4","metadata":{"@type":"type.googleapis.com/google.cloud.functions.v1.OperationMetadataV1","target":"projects/news-efc4a/locations/us-central1/functions/createJournalistAccount","type":"CREATE_FUNCTION","request":{"@type":"type.googleapis.com/google.cloud.functions.v1.CloudFunction","name":"projects/news-efc4a/locations/us-central1/functions/createJournalistAccount","httpsTrigger":{"securityLevel":"SECURE_ALWAYS"},"entryPoint":"createJournalistAccount","updateTime":"1970-01-01T00:00:00Z","labels":{"deployment-tool":"cli-firebase","deployment-callable":"true","firebase-functions-hash":"613decbd7ff713530525ae525271aa5c1fe95982"},"sourceUploadUrl":"https://storage.googleapis.com/uploads-37601670339.us-central1.cloudfunctions.appspot.com/1aa56907-a25e-47bb-a9d9-4a47336167df.zip?GoogleAccessId=service-717438175301@gcf-admin-robot.iam.gserviceaccount.com&Expires=1769581451&Signature=k3QVvK0d6w0fVWrMbUOsYPWnOx%2BHdsM9pWFPrIHDGXEwGRezPou62TSz1uDSCFtwav2sI%2B69SH40pmW2%2BqPaOW2d6t%2BWoY63VIt5QwPGN8Q1l2gStmgsMzbFvveaDSe8tQtkXem3KixPpjN%2FiipWLyvMHfjfa%2F4EETuVWtROON9VjRsqW4U0hmV%2B2sYkZchRYcdGUmqSLEaZlyE4Xm9KO9f%2Fi61OT2jtXFp%2FmTZBKyWbmDac0%2BXgOR3g93rX4O5QOor2HWFi93CEYFQ0C6uPZj%2BbQ11SzQncrtiKQ3V4ksOKHMpIk5XTCSUi3ovtb%2FrTTHl%2BE3H75xBFnNLEKbeTBg%3D%3D","environmentVariables":{"FIREBASE_CONFIG":"{\"projectId\":\"news-efc4a\",\"storageBucket\":\"news-efc4a.firebasestorage.app\"}","GCLOUD_PROJECT":"news-efc4a","EVENTARC_CLOUD_EVENT_SOURCE":"projects/news-efc4a/locations/us-central1/functions/createJournalistAccount"},"runtime":"nodejs22","buildEnvironmentVariables":{"GOOGLE_NODE_RUN_SCRIPTS":""},"dockerRegistry":"ARTIFACT_REGISTRY"},"versionId":"1","updateTime":"2026-01-28T05:54:18.392961842Z","buildId":"93279043-9c18-4391-a22c-252c71347ae5","sourceToken":"7ce751ec-8df8-4fac-b034-32a48daa3368","buildName":"projects/717438175301/locations/us-central1/builds/93279043-9c18-4391-a22c-252c71347ae5"}}
[debug] [2026-01-28T05:55:58.946Z] Got source token 7ce751ec-8df8-4fac-b034-32a48daa3368 for region us-central1
[debug] [2026-01-28T05:56:08.950Z] [create-default-us-central1-createJournalistAccount] Retrying task index 0
[debug] [2026-01-28T05:56:08.951Z] Checked if tokens are valid: true, expires at: 1769582224372
[debug] [2026-01-28T05:56:08.951Z] Checked if tokens are valid: true, expires at: 1769582224372
[debug] [2026-01-28T05:56:08.951Z] >>> [apiv2][query] GET https://cloudfunctions.googleapis.com/v1/operations/cHJvamVjdHMvbmV3cy1lZmM0YS9sb2NhdGlvbnMvdXMtY2VudHJhbDEvb3BlcmF0aW9ucy9vcGVyYXRpb24tMTc2OTU3OTY1MjA3NC02NDk2YzVlOTA0YWEyLWUwZWE3NTkxLWVjOGZhMjA4 [none]
[debug] [2026-01-28T05:56:09.170Z] <<< [apiv2][status] GET https://cloudfunctions.googleapis.com/v1/operations/cHJvamVjdHMvbmV3cy1lZmM0YS9sb2NhdGlvbnMvdXMtY2VudHJhbDEvb3BlcmF0aW9ucy9vcGVyYXRpb24tMTc2OTU3OTY1MjA3NC02NDk2YzVlOTA0YWEyLWUwZWE3NTkxLWVjOGZhMjA4 200
[debug] [2026-01-28T05:56:09.171Z] <<< [apiv2][body] GET https://cloudfunctions.googleapis.com/v1/operations/cHJvamVjdHMvbmV3cy1lZmM0YS9sb2NhdGlvbnMvdXMtY2VudHJhbDEvb3BlcmF0aW9ucy9vcGVyYXRpb24tMTc2OTU3OTY1MjA3NC02NDk2YzVlOTA0YWEyLWUwZWE3NTkxLWVjOGZhMjA4 {"name":"operations/cHJvamVjdHMvbmV3cy1lZmM0YS9sb2NhdGlvbnMvdXMtY2VudHJhbDEvb3BlcmF0aW9ucy9vcGVyYXRpb24tMTc2OTU3OTY1MjA3NC02NDk2YzVlOTA0YWEyLWUwZWE3NTkxLWVjOGZhMjA4","metadata":{"@type":"type.googleapis.com/google.cloud.functions.v1.OperationMetadataV1","target":"projects/news-efc4a/locations/us-central1/functions/createJournalistAccount","type":"CREATE_FUNCTION","request":{"@type":"type.googleapis.com/google.cloud.functions.v1.CloudFunction","name":"projects/news-efc4a/locations/us-central1/functions/createJournalistAccount","httpsTrigger":{"securityLevel":"SECURE_ALWAYS"},"entryPoint":"createJournalistAccount","updateTime":"1970-01-01T00:00:00Z","labels":{"deployment-tool":"cli-firebase","deployment-callable":"true","firebase-functions-hash":"613decbd7ff713530525ae525271aa5c1fe95982"},"sourceUploadUrl":"https://storage.googleapis.com/uploads-37601670339.us-central1.cloudfunctions.appspot.com/1aa56907-a25e-47bb-a9d9-4a47336167df.zip?GoogleAccessId=service-717438175301@gcf-admin-robot.iam.gserviceaccount.com&Expires=1769581451&Signature=k3QVvK0d6w0fVWrMbUOsYPWnOx%2BHdsM9pWFPrIHDGXEwGRezPou62TSz1uDSCFtwav2sI%2B69SH40pmW2%2BqPaOW2d6t%2BWoY63VIt5QwPGN8Q1l2gStmgsMzbFvveaDSe8tQtkXem3KixPpjN%2FiipWLyvMHfjfa%2F4EETuVWtROON9VjRsqW4U0hmV%2B2sYkZchRYcdGUmqSLEaZlyE4Xm9KO9f%2Fi61OT2jtXFp%2FmTZBKyWbmDac0%2BXgOR3g93rX4O5QOor2HWFi93CEYFQ0C6uPZj%2BbQ11SzQncrtiKQ3V4ksOKHMpIk5XTCSUi3ovtb%2FrTTHl%2BE3H75xBFnNLEKbeTBg%3D%3D","environmentVariables":{"FIREBASE_CONFIG":"{\"projectId\":\"news-efc4a\",\"storageBucket\":\"news-efc4a.firebasestorage.app\"}","GCLOUD_PROJECT":"news-efc4a","EVENTARC_CLOUD_EVENT_SOURCE":"projects/news-efc4a/locations/us-central1/functions/createJournalistAccount"},"runtime":"nodejs22","buildEnvironmentVariables":{"GOOGLE_NODE_RUN_SCRIPTS":""},"dockerRegistry":"ARTIFACT_REGISTRY"},"versionId":"1","updateTime":"2026-01-28T05:56:02.424680892Z","buildId":"93279043-9c18-4391-a22c-252c71347ae5","sourceToken":"7ce751ec-8df8-4fac-b034-32a48daa3368","buildName":"projects/717438175301/locations/us-central1/builds/93279043-9c18-4391-a22c-252c71347ae5"},"done":true,"response":{"@type":"type.googleapis.com/google.cloud.functions.v1.CloudFunction","name":"projects/news-efc4a/locations/us-central1/functions/createJournalistAccount","httpsTrigger":{"url":"https://us-central1-news-efc4a.cloudfunctions.net/createJournalistAccount","securityLevel":"SECURE_ALWAYS"},"status":"ACTIVE","entryPoint":"createJournalistAccount","timeout":"60s","availableMemoryMb":256,"serviceAccountEmail":"news-efc4a@appspot.gserviceaccount.com","updateTime":"2026-01-28T05:54:18.387946870Z","versionId":"1","labels":{"deployment-tool":"cli-firebase","deployment-callable":"true","firebase-functions-hash":"613decbd7ff713530525ae525271aa5c1fe95982"},"sourceUploadUrl":"https://storage.googleapis.com/uploads-37601670339.us-central1.cloudfunctions.appspot.com/1aa56907-a25e-47bb-a9d9-4a47336167df.zip","environmentVariables":{"FIREBASE_CONFIG":"{\"projectId\":\"news-efc4a\",\"storageBucket\":\"news-efc4a.firebasestorage.app\"}","GCLOUD_PROJECT":"news-efc4a","EVENTARC_CLOUD_EVENT_SOURCE":"projects/news-efc4a/locations/us-central1/functions/createJournalistAccount"},"runtime":"nodejs22","ingressSettings":"ALLOW_ALL","buildId":"93279043-9c18-4391-a22c-252c71347ae5","buildEnvironmentVariables":{"GOOGLE_NODE_RUN_SCRIPTS":""},"buildName":"projects/717438175301/locations/us-central1/builds/93279043-9c18-4391-a22c-252c71347ae5","dockerRegistry":"ARTIFACT_REGISTRY","automaticUpdatePolicy":{},"buildServiceAccount":"projects/news-efc4a/serviceAccounts/717438175301-compute@developer.gserviceaccount.com","satisfiesPzi":true}}
[debug] [2026-01-28T05:56:09.171Z] Got source token 7ce751ec-8df8-4fac-b034-32a48daa3368 for region us-central1
[debug] [2026-01-28T05:56:09.172Z] Checked if tokens are valid: true, expires at: 1769582224372
[debug] [2026-01-28T05:56:09.172Z] Checked if tokens are valid: true, expires at: 1769582224372
[debug] [2026-01-28T05:56:09.172Z] >>> [apiv2][query] POST https://cloudfunctions.googleapis.com/v1/projects/news-efc4a/locations/us-central1/functions/createJournalistAccount:setIamPolicy [none]
[debug] [2026-01-28T05:56:09.172Z] >>> [apiv2][body] POST https://cloudfunctions.googleapis.com/v1/projects/news-efc4a/locations/us-central1/functions/createJournalistAccount:setIamPolicy {"policy":{"bindings":[{"role":"roles/cloudfunctions.invoker","members":["allUsers"]}],"etag":"","version":3},"updateMask":"bindings,etag,version"}
[debug] [2026-01-28T05:56:09.761Z] <<< [apiv2][status] POST https://cloudfunctions.googleapis.com/v1/projects/news-efc4a/locations/us-central1/functions/createJournalistAccount:setIamPolicy 200
[debug] [2026-01-28T05:56:09.762Z] <<< [apiv2][body] POST https://cloudfunctions.googleapis.com/v1/projects/news-efc4a/locations/us-central1/functions/createJournalistAccount:setIamPolicy {"version":1,"etag":"BwZJbGWSkqg=","bindings":[{"role":"roles/cloudfunctions.invoker","members":["allUsers"]}]}
[info] ✔  functions[createJournalistAccount(us-central1)] Successful create operation. 
[debug] [2026-01-28T05:56:09.768Z] Total Function Deployment time: 117861
[debug] [2026-01-28T05:56:09.769Z] 1 Functions Deployed
[debug] [2026-01-28T05:56:09.769Z] 0 Functions Errored
[debug] [2026-01-28T05:56:09.769Z] 0 Function Deployments Aborted
[debug] [2026-01-28T05:56:09.769Z] Average Function Deployment time: 117860
[debug] [2026-01-28T05:56:09.793Z] Checked if tokens are valid: true, expires at: 1769582224372
[debug] [2026-01-28T05:56:09.793Z] Checked if tokens are valid: true, expires at: 1769582224372
[debug] [2026-01-28T05:56:09.794Z] >>> [apiv2][query] GET https://artifactregistry.googleapis.com/v1/projects/news-efc4a/locations/us-central1/repositories/gcf-artifacts [none]
[debug] [2026-01-28T05:56:10.016Z] <<< [apiv2][status] GET https://artifactregistry.googleapis.com/v1/projects/news-efc4a/locations/us-central1/repositories/gcf-artifacts 200
[debug] [2026-01-28T05:56:10.016Z] <<< [apiv2][body] GET https://artifactregistry.googleapis.com/v1/projects/news-efc4a/locations/us-central1/repositories/gcf-artifacts {"name":"projects/news-efc4a/locations/us-central1/repositories/gcf-artifacts","format":"DOCKER","description":"This repository is created and used by Cloud Functions for storing function docker images.","labels":{"goog-managed-by":"cloudfunctions"},"createTime":"2026-01-28T05:54:35.225554Z","updateTime":"2026-01-28T05:55:25.358120Z","mode":"STANDARD_REPOSITORY","sizeBytes":"533052223","vulnerabilityScanningConfig":{"lastEnableTime":"2026-01-28T05:54:20.174147367Z","enablementState":"SCANNING_DISABLED","enablementStateReason":"API containerscanning.googleapis.com is not enabled."},"satisfiesPzi":true,"registryUri":"us-central1-docker.pkg.dev/news-efc4a/gcf-artifacts"}
[warn] ⚠  functions: No cleanup policy detected for repositories in us-central1. This may result in a small monthly bill as container images accumulate over time. 
